[00000000] INFO: FF7/FF8 OpenGL driver version 0.8.1b
[00000000] INFO: Auto-detected version: FF7 1.02 French
[00000000] INFO: Intel Intel(R) HD Graphics 4600 4.0.0 - Build 9.18.10.3111
[00000000] INFO: OpenGL 2.0 support detected
[00000000] INFO: Found swap_control extension
[00000000] INFO: Max texture size: 8192x8192
[00000000] INFO: Original resolution 640x480, window size 1920x1080, output resolution 1440x1080, internal resolution 1920x1440
[00000000] INFO: Shader limits: varying 64, vert uniform 4096, frag uniform 4096
[00000000] INFO: vertex shader compile log:
No errors.

[00000000] INFO: fragment shader compile log:
No errors.

[00000000] INFO: main program link log:
No errors.

[00000000] INFO: FFMpeg movie player plugin loaded
[00000000] INFO: FFMpeg version SVN-r25886, Copyright (c) 2000-2010 Fabrice Bellard, et al.
[00000000] INFO: VGMStream music plugin loaded
[00000000] LOCK UNLOCK TEST 
[00000001] MATRIX INITIALIZE 
[00000001] INITIALIZE DD/D3D END 
[00000001] initializing sound...
[00000001] creating dsound primary buffer
[00000001] reading audio file
[00000001] loading static sounds
[00000001] sound initialized
[00000001] set music volume: 127
[00000001] set music volume: 127
[00000001] Entering MAIN
[00000001] Exiting MAIN
[00000001] START OF CREDITS!!!
[00000001] INFO: c:\Jeux\FF7SYW\data\Movies\eidoslogo.avi; vp8/vorbis 1280x960, 30.000000 FPS, duration: 11.133000, frames: 334
[00000001] INFO: vertex shader compile log:
No errors.

[00000001] INFO: fragment shader compile log:
No errors.

[00000001] INFO: yuv program link log:
No errors.

[00000031] set music volume trans: 127->0, step=60
[00000096] END OF CREDITS!!!
[00000096] Entering MAIN
[00000096] set music volume: 127
[00000096] Exiting MAIN
[00000096] START OF MENU SYSTEM!!!
[00000526] END OF MENU SYSTEM!!!
[00000526] Entering MAIN
[00000530] Exiting MAIN
[00000530] Field Start
[00000572] Entering MAIN
[00000574] Exiting MAIN
[00000574] START OF MENU SYSTEM!!!
[00001355] END OF MENU SYSTEM!!!
[00001355] Entering MAIN
[00001357] Exiting MAIN
[00001357] Field Start
[00001406] Entering MAIN
[00001408] Exiting MAIN
[00001408] START OF MENU SYSTEM!!!
[00008452] END OF MENU SYSTEM!!!
[00008452] Entering MAIN
[00008454] Exiting MAIN
[00008454] Field Start
[00008915] INFO: c:\Jeux\FF7SYW\data\Movies\u_ropego.avi; vp8/vorbis 1280x896, 15.000000 FPS, duration: 9.133000, frames: 137
[00009053] INFO: c:\Jeux\FF7SYW\data\Movies\d_ropein.avi; vp8/vorbis 1280x896, 15.000000 FPS, duration: 10.800000, frames: 162
[00009343] INFO: c:\Jeux\FF7SYW\data\Movies\d_ropego.avi; vp8/vorbis 1280x896, 15.000000 FPS, duration: 9.133000, frames: 137
[00009343] set music volume trans: 127->0, step=150
[00009480] set music volume trans: 0->127, step=1
[00009481] INFO: c:\Jeux\FF7SYW\data\Movies\u_ropein.avi; vp8/vorbis 1280x896, 15.000000 FPS, duration: 9.867000, frames: 148
[00010028] Entering MAIN
[00010030] Exiting MAIN
[00010030] START OF MENU SYSTEM!!!
[00010471] END OF MENU SYSTEM!!!
[00010471] Entering MAIN
[00010473] Exiting MAIN
[00010473] Field Start
[00011849] : [00011849] Entering MAIN
[00011851] Exiting MAIN
[00011851] START OF MENU SYSTEM!!!
[00012947] END OF MENU SYSTEM!!!
[00012947] Entering MAIN
[00012949] Exiting MAIN
[00012949] Field Start
[00013231] set music volume: 127
[00013614] Field Quit
[00013615] Entering MAIN
[00013617] Exiting MAIN
[00014045] set music volume trans: 127->100, step=120
[00014986] set music volume trans: 127->0, step=60
[00014995] set music volume trans: 127->30, step=30
[00015087] set music volume trans: 127->30, step=30
[00015088] Entering MAIN
[00015090] Exiting MAIN
[00015090] Field Start
[00015090] set music volume: 127
[00015396] Field Quit
[00015397] Entering MAIN
[00015399] Exiting MAIN
[00015672] set music volume trans: 127->100, step=120
[00017499] set music volume trans: 127->0, step=60
[00017516] set music volume trans: 127->30, step=30
[00017721] set music volume trans: 127->30, step=30
[00017723] Entering MAIN
[00017725] Exiting MAIN
[00017725] Field Start
[00017725] set music volume: 127
[00018581] INFO: c:\Jeux\FF7SYW\data\Movies\u_ropego.avi; vp8/vorbis 1280x896, 15.000000 FPS, duration: 9.133000, frames: 137
[00018719] INFO: c:\Jeux\FF7SYW\data\Movies\d_ropein.avi; vp8/vorbis 1280x896, 15.000000 FPS, duration: 10.800000, frames: 162
[00019242] Field Quit
[00019242] Entering MAIN
[00019242] Exiting MAIN
[00019242] -=-=[START OF WORLD MAP!!!]=-=-
[00019242] stop_sound
[00019242] cross play music: 0
[00019242] set music volume trans: 127->0, step=4
[00019245] set music volume: 127
[00019361] -=-=[END OF WORLD MAP!!!]=-=-
[00019361] START OF MENU SYSTEM!!!
[00021275] END OF MENU SYSTEM!!!
[00021275] -=-=[START OF WORLD MAP!!!]=-=-
[00022332] cross play music: 0
[00022332] set music volume trans: 127->0, step=4
[00022335] set music volume: 127
[00022399] -=-=[END OF WORLD MAP!!!]=-=-
[00022399] START OF MENU SYSTEM!!!
[00022630] END OF MENU SYSTEM!!!
[00022630] -=-=[START OF WORLD MAP!!!]=-=-
[00022659] -=-=[END OF WORLD MAP!!!]=-=-
[00022659] START OF MENU SYSTEM!!!
[00023189] WM_CLOSE 
[00023189] END OF MENU SYSTEM!!!
[00023189] Field Quit
[00023189] UNINITIALIZE DD 
